|SourceProjectName:NewProject.hpr
|DestinationProjectName:bpmsindex.htm
whhost.js
whmsg.js
whmozemu.js
whproxy.js
whstub.js
whutils.js
whver.js
whform.js
whphost.js
whstart.js
whtopic.js
whframes.js
whlang.js
whskin_info.htm
whskin_blank.htm
whskin_pickup.htm
whskin_homepage.htm
whnjs.htm
whthost.js
whtdhtml.htm
whihost.js
whibody.htm
whiform.htm
whfhost.js
whfbody.htm
whfform.htm
whghost.js
whgbody.htm
whgdhtml.htm
whgdef.htm
whproj.js
whproj.xml
whproj.htm
whxdata\whtoc.xml
whxdata\whidx.xml
whxdata\whfts.xml
whxdata\whglo.xml
whdata\whtoc.js
whdata\whtoc.htm
whdata\whtdata.js
whdata\whidx.js
whdata\whidx.htm
whdata\whidata.js
whdata\whfts.js
whdata\whfts.htm
whdata\whglo.js
whdata\whglo.htm
whdata\whgdata.js
whdata\whftdata.js
whdata\whfwdata.js
whres.xml
WebHelp.jar
WebHelp.cab
whgdata\whnvp30.htm
whgdata\whnvp31.htm
whgdata\whnvp32.htm
whgdata\whnvp33.htm
whgdata\whnvt30.htm
whgdata\whnvt31.htm
whgdata\whnvt32.htm
whgdata\whnvt33.htm
whgdata\whnvf30.htm
whgdata\whnvf31.htm
whgdata\whnvf32.htm
whgdata\whnvf33.htm
whgdata\whnvl31.htm
whgdata\whnvl32.htm
whgdata\whnvl33.htm
whgdata\whexpbar.gif
cshdat_webhelp.htm
whcsh_home.htm
whcshdata.htm
cshdat_robohelp.htm
wht_tab0.gif
wht_tab1.gif
wht_tab2.gif
wht_tab3.gif
wht_tab4.gif
wht_tab5.gif
wht_tab6.gif
wht_tab7.gif
wht_tab8.gif
wht_glo_h.gif
wht_glo_n.gif
wht_fts_h.gif
wht_fts_n.gif
wht_idx_h.gif
wht_idx_n.gif
wht_toc_h.gif
wht_toc_n.gif
wht_ws.gif
wht_ws_g.gif
wht_logo1.gif
wht_logo2.gif
wht_abgw.jpg
wht_abgi.jpg
wht_abge.jpg
wht_abtw.jpg
wht_abte.jpg
wht_abti.jpg
wht_spac.gif
wht_next.gif
wht_next_g.gif
wht_prev.gif
wht_prev_g.gif
wht_sync.gif
wht_hide.gif
wht_go.gif
whstart.ico
whestart.ico
whrstart.ico
whidhtml.htm
whfdhtml.htm
whskin_banner.htm
whtbar.js
blueback.gif
content.gif
index.gif
search.gif
other_index.gif
websearch.gif
go.gif
leftarrow.gif
r01.gif
rightarrow.gif
r02.gif
directional.gif
close.gif
urls.gif
book_closed.gif
bookopen.gif
page.gif
XP_Blue.skn
whskin_pdhtml.htm
whskin_papplet.htm
whskin_plist.htm
whskin_tbars.htm
whskin_mbars.htm
whskin_frmset010.htm
whst_topics.xml
whskin_frmset01.htm
bpmsindex_hha.hhk
bpmsindex.hhc
bpmsindex.hhk
index.htm
xc1xf7xb3xccxc9xe8xbcxc6xc6xf7xd4xaaxcbxd8\association.htm
xc1xf7xb3xccxc9xe8xbcxc6xc6xf7xd4xaaxcbxd8\dataAssociation.htm
xc1xf7xb3xccxc9xe8xbcxc6xc6xf7xd4xaaxcbxd8\dataObject.htm
xc1xf7xb3xccxc9xe8xbcxc6xc6xf7xd4xaaxcbxd8\Drag.htm
xc1xf7xb3xccxc9xe8xbcxc6xc6xf7xd4xaaxcbxd8\endEvent.htm
xc1xf7xb3xccxc9xe8xbcxc6xc6xf7xd4xaaxcbxd8\eventDriveFlow.htm
xc1xf7xb3xccxc9xe8xbcxc6xc6xf7xd4xaaxcbxd8\exclusiveGateway.htm
xc1xf7xb3xccxc9xe8xbcxc6xc6xf7xd4xaaxcbxd8\intermediateCatchEvent.htm
xc1xf7xb3xccxc9xe8xbcxc6xc6xf7xd4xaaxcbxd8\lane.htm
xc1xf7xb3xccxc9xe8xbcxc6xc6xf7xd4xaaxcbxd8\Selector.htm
xc1xf7xb3xccxc9xe8xbcxc6xc6xf7xd4xaaxcbxd8\sequenceFlow.htm
xc1xf7xb3xccxc9xe8xbcxc6xc6xf7xd4xaaxcbxd8\serviceTask.htm
xc1xf7xb3xccxc9xe8xbcxc6xc6xf7xd4xaaxcbxd8\startEvent.htm
xc1xf7xb3xccxc9xe8xbcxc6xc6xf7xd4xaaxcbxd8\subProcess.htm
xc1xf7xb3xccxc9xe8xbcxc6xc6xf7xd4xaaxcbxd8\task.htm
xc1xf7xb3xccxc9xe8xbcxc6xc6xf7xd4xaaxcbxd8\taskGroupRef.htm
xc1xf7xb3xccxc9xe8xbcxc6xc6xf7xd4xaaxcbxd8\textAnnotation.htm
xc1xf7xb3xccxc9xe8xbcxc6xc6xf7xd4xaaxcbxd8\userTask.htm
default.css
monitor\usertask35.jpg
monitor\usertask24.jpg
monitor\usertask13.jpg
monitor\usertask36.jpg
monitor\usertask25.jpg
monitor\usertask14.jpg
monitor\drag1.jpg
monitor\drag.JPG
monitor\usertask37.jpg
monitor\usertask26.jpg
monitor\usertask15.jpg
monitor\servicetask.JPG
monitor\usertask38.jpg
monitor\usertask27.jpg
monitor\usertask16.jpg
monitor\textnote.jpg
monitor\eventdriven1.jpg
monitor\usertask28.jpg
monitor\usertask17.jpg
monitor\activity1.jpg
monitor\selector1.jpg
monitor\task1.jpg
monitor\startevent1.jpg
monitor\task.JPG
monitor\usertask29.jpg
monitor\usertask18.jpg
monitor\usertask1.jpg
monitor\dataobject1.jpg
monitor\note.JPG
monitor\activity.JPG
monitor\startevent.JPG
monitor\monitor.JPG
monitor\usertask19.jpg
monitor\usertask2.jpg
monitor\endevent1.jpg
monitor\newdatadefine1.jpg
monitor\lane.JPG
monitor\usertask3.jpg
monitor\newdatadefine2.jpg
monitor\subflow.JPG
monitor\eventdriven.JPG
monitor\usertask4.jpg
monitor\usertask5.jpg
monitor\sequenceflow.JPG
monitor\usertask6.jpg
monitor\relation1.jpg
monitor\newmessagedefine.jpg
monitor\usertask7.jpg
monitor\usertask30.jpg
monitor\usertask8.jpg
monitor\webservice1.jpg
monitor\dataobject.JPG
monitor\relation.JPG
monitor\usertask31.jpg
monitor\usertask20.jpg
monitor\usertask9.jpg
monitor\webservice2.jpg
monitor\newmiddleevent1.jpg
monitor\laneset.JPG
monitor\usertask.JPG
monitor\selector.JPG
monitor\usertask32.jpg
monitor\usertask21.jpg
monitor\usertask10.jpg
monitor\datarelation1.jpg
monitor\webservice3.jpg
monitor\newmiddleevent2.jpg
monitor\gateway.JPG
monitor\usertask33.jpg
monitor\usertask22.jpg
monitor\usertask11.jpg
monitor\webservice4.jpg
monitor\newmiddleevent.jpg
monitor\newdatadefine.jpg
monitor\subflowstep1.JPG
monitor\endevent.JPG
monitor\datarelation.JPG
monitor\usertask34.jpg
monitor\usertask23.jpg
monitor\usertask12.jpg
monitor\gateway1.jpg
monitor\sequenceflow1.jpg
monitor\webservice5.jpg
monitor\newmessagedefine1.jpg
monitor\subflowstep2.JPG
monitor\middleevent.JPG
ehlpdhtm.js
bpmsindex.ppf
default_ns.css
whxdata\whtdata0.xml
whxdata\whidata0.xml
whxdata\whftdata0.xml
whxdata\whfwdata0.xml
whxdata\whfwdata1.xml
whxdata\whfwdata2.xml
whxdata\whfwdata3.xml
whxdata\whfwdata4.xml
whdata\whtdata0.htm
whdata\whidata0.htm
whdata\whftdata0.htm
whdata\whfwdata0.htm
whdata\whfwdata1.htm
whdata\whfwdata2.htm
whdata\whfwdata3.htm
whdata\whfwdata4.htm
whgdata\whlstt0.htm
whgdata\whlstt1.htm
whgdata\whlsti0.htm
whgdata\whlstfl0.htm
whgdata\whlstf0.htm
whgdata\whlstf1.htm
whgdata\whlstg0.htm
bpmsindex.htm
bpmsindex_csh.htm
bpmsindex_rhc.htm
